<?xml version="1.0" encoding="UTF-8"?>
<testsuite name="com.sumit.shingari.springreactivelearning.controller.FluxAndMonoControllerTest" tests="5" skipped="0" failures="0" errors="0" timestamp="2021-06-02T20:03:02" hostname="DESKTOP-9P4KMOG" time="3.322">
  <properties/>
  <testcase name="fluxStream()" classname="com.sumit.shingari.springreactivelearning.controller.FluxAndMonoControllerTest" time="3.211"/>
  <testcase name="mono()" classname="com.sumit.shingari.springreactivelearning.controller.FluxAndMonoControllerTest" time="0.061"/>
  <testcase name="flux_approach1()" classname="com.sumit.shingari.springreactivelearning.controller.FluxAndMonoControllerTest" time="0.019"/>
  <testcase name="flux_approach2()" classname="com.sumit.shingari.springreactivelearning.controller.FluxAndMonoControllerTest" time="0.017"/>
  <testcase name="flux_approach3()" classname="com.sumit.shingari.springreactivelearning.controller.FluxAndMonoControllerTest" time="0.01"/>
  <system-out><![CDATA[2021-06-03 01:32:59.486  INFO 17384 --- [    Test worker] .b.t.c.SpringBootTestContextBootstrapper : Neither @ContextConfiguration nor @ContextHierarchy found for test class [com.sumit.shingari.springreactivelearning.controller.FluxAndMonoControllerTest], using SpringBootContextLoader
2021-06-03 01:32:59.489  INFO 17384 --- [    Test worker] o.s.t.c.support.AbstractContextLoader    : Could not detect default resource locations for test class [com.sumit.shingari.springreactivelearning.controller.FluxAndMonoControllerTest]: no resource found for suffixes {-context.xml, Context.groovy}.
2021-06-03 01:32:59.490  INFO 17384 --- [    Test worker] t.c.s.AnnotationConfigContextLoaderUtils : Could not detect default configuration classes for test class [com.sumit.shingari.springreactivelearning.controller.FluxAndMonoControllerTest]: FluxAndMonoControllerTest does not declare any static, non-private, non-final, nested classes annotated with @Configuration.
2021-06-03 01:32:59.510  INFO 17384 --- [    Test worker] .b.t.c.SpringBootTestContextBootstrapper : Found @SpringBootConfiguration com.sumit.shingari.springreactivelearning.SpringReactiveLearningApplication for test class com.sumit.shingari.springreactivelearning.controller.FluxAndMonoControllerTest
2021-06-03 01:32:59.517  INFO 17384 --- [    Test worker] .b.t.c.SpringBootTestContextBootstrapper : Loaded default TestExecutionListener class names from location [META-INF/spring.factories]: [org.springframework.boot.test.autoconfigure.restdocs.RestDocsTestExecutionListener, org.springframework.boot.test.autoconfigure.web.client.MockRestServiceServerResetTestExecutionListener, org.springframework.boot.test.autoconfigure.web.servlet.MockMvcPrintOnlyOnFailureTestExecutionListener, org.springframework.boot.test.autoconfigure.web.servlet.WebDriverTestExecutionListener, org.springframework.boot.test.autoconfigure.webservices.client.MockWebServiceServerTestExecutionListener, org.springframework.boot.test.mock.mockito.MockitoTestExecutionListener, org.springframework.boot.test.mock.mockito.ResetMocksTestExecutionListener, org.springframework.test.context.web.ServletTestExecutionListener, org.springframework.test.context.support.DirtiesContextBeforeModesTestExecutionListener, org.springframework.test.context.event.ApplicationEventsTestExecutionListener, org.springframework.test.context.support.DependencyInjectionTestExecutionListener, org.springframework.test.context.support.DirtiesContextTestExecutionListener, org.springframework.test.context.transaction.TransactionalTestExecutionListener, org.springframework.test.context.jdbc.SqlScriptsTestExecutionListener, org.springframework.test.context.event.EventPublishingTestExecutionListener]
2021-06-03 01:32:59.518  INFO 17384 --- [    Test worker] .b.t.c.SpringBootTestContextBootstrapper : Using TestExecutionListeners: [org.springframework.test.context.support.DirtiesContextBeforeModesTestExecutionListener@65ac15cf, org.springframework.test.context.event.ApplicationEventsTestExecutionListener@12a4d381, org.springframework.boot.test.mock.mockito.MockitoTestExecutionListener@1a3fa1e6, org.springframework.boot.test.autoconfigure.SpringBootDependencyInjectionTestExecutionListener@46b9ef98, org.springframework.test.context.support.DirtiesContextTestExecutionListener@43be88ed, org.springframework.test.context.transaction.TransactionalTestExecutionListener@773263c0, org.springframework.test.context.jdbc.SqlScriptsTestExecutionListener@1065dc51, org.springframework.test.context.event.EventPublishingTestExecutionListener@192924ea, org.springframework.boot.test.autoconfigure.restdocs.RestDocsTestExecutionListener@2e673ec2, org.springframework.boot.test.autoconfigure.web.client.MockRestServiceServerResetTestExecutionListener@4a2f64ad, org.springframework.boot.test.autoconfigure.web.servlet.MockMvcPrintOnlyOnFailureTestExecutionListener@7416aeed, org.springframework.boot.test.autoconfigure.web.servlet.WebDriverTestExecutionListener@2448daf1, org.springframework.boot.test.autoconfigure.webservices.client.MockWebServiceServerTestExecutionListener@334e6194, org.springframework.boot.test.mock.mockito.ResetMocksTestExecutionListener@2f5715c]

  .   ____          _            __ _ _
 /\\ / ___'_ __ _ _(_)_ __  __ _ \ \ \ \
( ( )\___ | '_ | '_| | '_ \/ _` | \ \ \ \
 \\/  ___)| |_)| | | | | || (_| |  ) ) ) )
  '  |____| .__|_| |_|_| |_\__, | / / / /
 =========|_|==============|___/=/_/_/_/
 :: Spring Boot ::                (v2.4.5)

2021-06-03 01:32:59.577  INFO 17384 --- [    Test worker] c.s.s.s.c.FluxAndMonoControllerTest      : Starting FluxAndMonoControllerTest using Java 15.0.1 on DESKTOP-9P4KMOG with PID 17384 (started by shingari in C:\Users\shingari\Learning\ReactiveLearning\spring-reactive-learning)
2021-06-03 01:32:59.577  INFO 17384 --- [    Test worker] c.s.s.s.c.FluxAndMonoControllerTest      : The following profiles are active: dev
2021-06-03 01:32:59.581  WARN 17384 --- [    Test worker] o.s.b.c.config.ConfigDataEnvironment     : Property 'spring.profiles' imported from location 'class path resource [application.yml]' is invalid and should be replaced with 'spring.config.activate.on-profile' [origin: class path resource [application.yml] - 31:13]
2021-06-03 01:32:59.581  WARN 17384 --- [    Test worker] o.s.b.c.config.ConfigDataEnvironment     : Property 'spring.profiles' imported from location 'class path resource [application.yml]' is invalid and should be replaced with 'spring.config.activate.on-profile' [origin: class path resource [application.yml] - 22:13]
2021-06-03 01:32:59.581  WARN 17384 --- [    Test worker] o.s.b.c.config.ConfigDataEnvironment     : Property 'spring.profiles' imported from location 'class path resource [application.yml]' is invalid and should be replaced with 'spring.config.activate.on-profile' [origin: class path resource [application.yml] - 14:13]
2021-06-03 01:32:59.581  WARN 17384 --- [    Test worker] o.s.b.c.config.ConfigDataEnvironment     : Property 'spring.profiles' imported from location 'class path resource [application.yml]' is invalid and should be replaced with 'spring.config.activate.on-profile' [origin: class path resource [application.yml] - 6:13]
2021-06-03 01:32:59.990  INFO 17384 --- [    Test worker] .s.d.r.c.RepositoryConfigurationDelegate : Bootstrapping Spring Data Reactive MongoDB repositories in DEFAULT mode.
2021-06-03 01:33:00.014  INFO 17384 --- [    Test worker] .s.d.r.c.RepositoryConfigurationDelegate : Finished Spring Data repository scanning in 23 ms. Found 1 Reactive MongoDB repository interfaces.
2021-06-03 01:33:00.813  INFO 17384 --- [       Thread-8] o.s.b.a.mongo.embedded.EmbeddedMongo     : note: noprealloc may hurt performance in many applications
2021-06-03 01:33:00.953  INFO 17384 --- [       Thread-8] o.s.b.a.mongo.embedded.EmbeddedMongo     : 2021-06-03T01:33:00.950+0530 I CONTROL  [initandlisten] MongoDB starting : pid=6572 port=27017 dbpath=C:\Users\shingari\AppData\Local\Temp\embedmongo-db-db5fa5b1-0cfd-46e5-acc7-46ca0486848d 64-bit host=DESKTOP-9P4KMOG
2021-06-03 01:33:00.954  INFO 17384 --- [       Thread-8] o.s.b.a.mongo.embedded.EmbeddedMongo     : 2021-06-03T01:33:00.953+0530 I CONTROL  [initandlisten] targetMinOS: Windows Vista/Windows Server 2008
2021-06-03 01:33:00.954  INFO 17384 --- [       Thread-8] o.s.b.a.mongo.embedded.EmbeddedMongo     : 2021-06-03T01:33:00.953+0530 I CONTROL  [initandlisten] db version v3.5.5
2021-06-03 01:33:00.954  INFO 17384 --- [       Thread-8] o.s.b.a.mongo.embedded.EmbeddedMongo     : 2021-06-03T01:33:00.953+0530 I CONTROL  [initandlisten] git version: 98515c812b6fa893613f063dae568ff8319cbfbd
2021-06-03 01:33:00.954  INFO 17384 --- [       Thread-8] o.s.b.a.mongo.embedded.EmbeddedMongo     : 2021-06-03T01:33:00.953+0530 I CONTROL  [initandlisten] allocator: tcmalloc
2021-06-03 01:33:00.954  INFO 17384 --- [       Thread-8] o.s.b.a.mongo.embedded.EmbeddedMongo     : 2021-06-03T01:33:00.953+0530 I CONTROL  [initandlisten] modules: none
2021-06-03 01:33:00.954  INFO 17384 --- [       Thread-8] o.s.b.a.mongo.embedded.EmbeddedMongo     : 2021-06-03T01:33:00.953+0530 I CONTROL  [initandlisten] build environment:
2021-06-03 01:33:00.955  INFO 17384 --- [       Thread-8] o.s.b.a.mongo.embedded.EmbeddedMongo     : 2021-06-03T01:33:00.953+0530 I CONTROL  [initandlisten]     distarch: x86_64
2021-06-03 01:33:00.955  INFO 17384 --- [       Thread-8] o.s.b.a.mongo.embedded.EmbeddedMongo     : 2021-06-03T01:33:00.953+0530 I CONTROL  [initandlisten]     target_arch: x86_64
2021-06-03 01:33:00.955  INFO 17384 --- [       Thread-8] o.s.b.a.mongo.embedded.EmbeddedMongo     : 2021-06-03T01:33:00.953+0530 I CONTROL  [initandlisten] options: { net: { bindIp: "127.0.0.1", http: { enabled: false }, port: 27017 }, security: { authorization: "disabled" }, storage: { dbPath: "C:\Users\shingari\AppData\Local\Temp\embedmongo-db-db5fa5b1-0cfd-46e5-acc7-46ca0486848d", journal: { enabled: false }, mmapv1: { preallocDataFiles: false, smallFiles: true }, syncPeriodSecs: 0.0 } }
2021-06-03 01:33:00.956  INFO 17384 --- [       Thread-8] o.s.b.a.mongo.embedded.EmbeddedMongo     : 2021-06-03T01:33:00.957+0530 I STORAGE  [initandlisten] wiredtiger_open config: create,cache_size=7473M,session_max=20000,eviction=(threads_min=4,threads_max=4),config_base=false,statistics=(fast),log=(enabled=true,archive=true,path=journal,compressor=snappy),file_manager=(close_idle_time=100000),checkpoint=(wait=0,log_size=2GB),statistics_log=(wait=0),verbose=(recovery_progress),,log=(enabled=false),
2021-06-03 01:33:01.073  INFO 17384 --- [       Thread-8] o.s.b.a.mongo.embedded.EmbeddedMongo     : 2021-06-03T01:33:01.072+0530 W STORAGE  [initandlisten] Detected configuration for non-active storage engine mmapv1 when current storage engine is wiredTiger
2021-06-03 01:33:01.073  INFO 17384 --- [       Thread-8] o.s.b.a.mongo.embedded.EmbeddedMongo     : 2021-06-03T01:33:01.073+0530 I CONTROL  [initandlisten] 
2021-06-03 01:33:01.073  INFO 17384 --- [       Thread-8] o.s.b.a.mongo.embedded.EmbeddedMongo     : 2021-06-03T01:33:01.073+0530 I CONTROL  [initandlisten] ** NOTE: This is a development version (3.5.5) of MongoDB.
2021-06-03 01:33:01.073  INFO 17384 --- [       Thread-8] o.s.b.a.mongo.embedded.EmbeddedMongo     : 2021-06-03T01:33:01.073+0530 I CONTROL  [initandlisten] **       Not recommended for production.
2021-06-03 01:33:01.074  INFO 17384 --- [       Thread-8] o.s.b.a.mongo.embedded.EmbeddedMongo     : 2021-06-03T01:33:01.073+0530 I CONTROL  [initandlisten] 
2021-06-03 01:33:01.666  INFO 17384 --- [       Thread-8] o.s.b.a.mongo.embedded.EmbeddedMongo     : 2021-06-03T01:33:01.667+0530 I FTDC     [initandlisten] Initializing full-time diagnostic data capture with directory 'C:/Users/shingari/AppData/Local/Temp/embedmongo-db-db5fa5b1-0cfd-46e5-acc7-46ca0486848d/diagnostic.data'
2021-06-03 01:33:01.731  INFO 17384 --- [       Thread-8] o.s.b.a.mongo.embedded.EmbeddedMongo     : 2021-06-03T01:33:01.732+0530 I INDEX    [initandlisten] build index on: admin.system.version properties: { v: 2, key: { version: 1 }, name: "incompatible_with_version_32", ns: "admin.system.version" }
2021-06-03 01:33:01.732  INFO 17384 --- [       Thread-8] o.s.b.a.mongo.embedded.EmbeddedMongo     : 2021-06-03T01:33:01.732+0530 I INDEX    [initandlisten] 	 building index using bulk method; build may temporarily use up to 500 megabytes of RAM
2021-06-03 01:33:01.738  INFO 17384 --- [       Thread-8] o.s.b.a.mongo.embedded.EmbeddedMongo     : 2021-06-03T01:33:01.738+0530 I INDEX    [initandlisten] build index done.  scanned 0 total records. 0 secs
2021-06-03 01:33:01.740  INFO 17384 --- [       Thread-8] o.s.b.a.mongo.embedded.EmbeddedMongo     : 2021-06-03T01:33:01.741+0530 I COMMAND  [initandlisten] setting featureCompatibilityVersion to 3.4
2021-06-03 01:33:01.742  INFO 17384 --- [       Thread-8] o.s.b.a.mongo.embedded.EmbeddedMongo     : 2021-06-03T01:33:01.742+0530 I NETWORK  [thread1] waiting for connections on port 27017
2021-06-03 01:33:01.742  INFO 17384 --- [    Test worker] d.f.embed.mongo.MongodExecutable         : start de.flapdoodle.embed.mongo.config.MongodConfigBuilder$ImmutableMongodConfig@1472d6c
2021-06-03 01:33:01.792  INFO 17384 --- [    Test worker] org.mongodb.driver.cluster               : Cluster created with settings {hosts=[localhost:27017], mode=SINGLE, requiredClusterType=UNKNOWN, serverSelectionTimeout='30000 ms'}
2021-06-03 01:33:01.798  INFO 17384 --- [       Thread-8] o.s.b.a.mongo.embedded.EmbeddedMongo     : 2021-06-03T01:33:01.798+0530 I NETWORK  [thread1] connection accepted from 127.0.0.1:60224 #1 (1 connection now open)
2021-06-03 01:33:01.799  INFO 17384 --- [       Thread-8] o.s.b.a.mongo.embedded.EmbeddedMongo     : 2021-06-03T01:33:01.799+0530 I NETWORK  [thread1] connection accepted from 127.0.0.1:60225 #2 (2 connections now open)
2021-06-03 01:33:01.800  INFO 17384 --- [       Thread-8] o.s.b.a.mongo.embedded.EmbeddedMongo     : 2021-06-03T01:33:01.800+0530 I NETWORK  [conn1] received client metadata from 127.0.0.1:60224 conn1: { driver: { name: "mongo-java-driver|reactive-streams|spring-boot", version: "4.1.2" }, os: { type: "Windows", name: "Windows 10", architecture: "amd64", version: "10.0" }, platform: "Java/Oracle Corporation/15.0.1+9-18" }
2021-06-03 01:33:01.800  INFO 17384 --- [       Thread-8] o.s.b.a.mongo.embedded.EmbeddedMongo     : 2021-06-03T01:33:01.800+0530 I NETWORK  [conn2] received client metadata from 127.0.0.1:60225 conn2: { driver: { name: "mongo-java-driver|reactive-streams|spring-boot", version: "4.1.2" }, os: { type: "Windows", name: "Windows 10", architecture: "amd64", version: "10.0" }, platform: "Java/Oracle Corporation/15.0.1+9-18" }
2021-06-03 01:33:01.804  INFO 17384 --- [localhost:27017] org.mongodb.driver.connection            : Opened connection [connectionId{localValue:9, serverValue:1}] to localhost:27017
2021-06-03 01:33:01.804  INFO 17384 --- [localhost:27017] org.mongodb.driver.connection            : Opened connection [connectionId{localValue:8, serverValue:2}] to localhost:27017
2021-06-03 01:33:01.804  INFO 17384 --- [localhost:27017] org.mongodb.driver.cluster               : Monitor thread successfully connected to server with description ServerDescription{address=localhost:27017, type=STANDALONE, state=CONNECTED, ok=true, minWireVersion=0, maxWireVersion=5, maxDocumentSize=16777216, logicalSessionTimeoutMinutes=null, roundTripTimeNanos=4438200}
2021-06-03 01:33:02.677  INFO 17384 --- [    Test worker] c.s.s.s.c.FluxAndMonoControllerTest      : Started FluxAndMonoControllerTest in 3.151 seconds (JVM running for 13.909)
2021-06-03 01:33:02.687  INFO 17384 --- [       Thread-8] o.s.b.a.mongo.embedded.EmbeddedMongo     : 2021-06-03T01:33:02.687+0530 I NETWORK  [thread1] connection accepted from 127.0.0.1:60226 #3 (3 connections now open)
2021-06-03 01:33:02.689  INFO 17384 --- [       Thread-8] o.s.b.a.mongo.embedded.EmbeddedMongo     : 2021-06-03T01:33:02.689+0530 I NETWORK  [conn3] received client metadata from 127.0.0.1:60226 conn3: { driver: { name: "mongo-java-driver|reactive-streams|spring-boot", version: "4.1.2" }, os: { type: "Windows", name: "Windows 10", architecture: "amd64", version: "10.0" }, platform: "Java/Oracle Corporation/15.0.1+9-18" }
2021-06-03 01:33:02.691  INFO 17384 --- [ntLoopGroup-3-3] org.mongodb.driver.connection            : Opened connection [connectionId{localValue:10, serverValue:3}] to localhost:27017
2021-06-03 01:33:02.727  INFO 17384 --- [       Thread-8] o.s.b.a.mongo.embedded.EmbeddedMongo     : 2021-06-03T01:33:02.727+0530 I NETWORK  [thread1] connection accepted from 127.0.0.1:60227 #4 (4 connections now open)
2021-06-03 01:33:02.732  INFO 17384 --- [       Thread-8] o.s.b.a.mongo.embedded.EmbeddedMongo     : 2021-06-03T01:33:02.730+0530 I NETWORK  [conn4] received client metadata from 127.0.0.1:60227 conn4: { driver: { name: "mongo-java-driver|reactive-streams|spring-boot", version: "4.1.2" }, os: { type: "Windows", name: "Windows 10", architecture: "amd64", version: "10.0" }, platform: "Java/Oracle Corporation/15.0.1+9-18" }
2021-06-03 01:33:02.733  INFO 17384 --- [       Thread-8] o.s.b.a.mongo.embedded.EmbeddedMongo     : 2021-06-03T01:33:02.734+0530 I NETWORK  [thread1] connection accepted from 127.0.0.1:60229 #5 (5 connections now open)
2021-06-03 01:33:02.734  INFO 17384 --- [ntLoopGroup-3-4] org.mongodb.driver.connection            : Opened connection [connectionId{localValue:11, serverValue:4}] to localhost:27017
2021-06-03 01:33:02.738  INFO 17384 --- [       Thread-8] o.s.b.a.mongo.embedded.EmbeddedMongo     : 2021-06-03T01:33:02.739+0530 I NETWORK  [conn5] received client metadata from 127.0.0.1:60229 conn5: { driver: { name: "mongo-java-driver|reactive-streams|spring-boot", version: "4.1.2" }, os: { type: "Windows", name: "Windows 10", architecture: "amd64", version: "10.0" }, platform: "Java/Oracle Corporation/15.0.1+9-18" }
2021-06-03 01:33:02.739  INFO 17384 --- [       Thread-8] o.s.b.a.mongo.embedded.EmbeddedMongo     : 2021-06-03T01:33:02.739+0530 I NETWORK  [thread1] connection accepted from 127.0.0.1:60228 #6 (6 connections now open)
2021-06-03 01:33:02.742  INFO 17384 --- [ntLoopGroup-3-7] org.mongodb.driver.connection            : Opened connection [connectionId{localValue:14, serverValue:5}] to localhost:27017
2021-06-03 01:33:02.754  INFO 17384 --- [       Thread-8] o.s.b.a.mongo.embedded.EmbeddedMongo     : 2021-06-03T01:33:02.755+0530 I NETWORK  [conn6] received client metadata from 127.0.0.1:60228 conn6: { driver: { name: "mongo-java-driver|reactive-streams|spring-boot", version: "4.1.2" }, os: { type: "Windows", name: "Windows 10", architecture: "amd64", version: "10.0" }, platform: "Java/Oracle Corporation/15.0.1+9-18" }
2021-06-03 01:33:02.754  INFO 17384 --- [       Thread-8] o.s.b.a.mongo.embedded.EmbeddedMongo     : 2021-06-03T01:33:02.755+0530 I NETWORK  [thread1] connection accepted from 127.0.0.1:60230 #7 (7 connections now open)
2021-06-03 01:33:02.755  INFO 17384 --- [       Thread-8] o.s.b.a.mongo.embedded.EmbeddedMongo     : 2021-06-03T01:33:02.756+0530 I NETWORK  [conn7] received client metadata from 127.0.0.1:60230 conn7: { driver: { name: "mongo-java-driver|reactive-streams|spring-boot", version: "4.1.2" }, os: { type: "Windows", name: "Windows 10", architecture: "amd64", version: "10.0" }, platform: "Java/Oracle Corporation/15.0.1+9-18" }
2021-06-03 01:33:02.758  INFO 17384 --- [ntLoopGroup-3-5] org.mongodb.driver.connection            : Opened connection [connectionId{localValue:12, serverValue:7}] to localhost:27017
2021-06-03 01:33:02.762  INFO 17384 --- [ntLoopGroup-3-6] org.mongodb.driver.connection            : Opened connection [connectionId{localValue:13, serverValue:6}] to localhost:27017
Item is :Item(id=60b7e3f6fd8209276d2e7e25, description=First prod, price=400.0)
Item is :Item(id=60b7e3f6fd8209276d2e7e26, description=Second prod, price=800.0)
Item is :Item(id=60b7e3f6fd8209276d2e7e27, description=Third prod, price=1200.0)
Item is :Item(id=ABC, description=Fifth prod, price=2000.0)
Item is :Item(id=60b7e3f6fd8209276d2e7e28, description=Forth prod, price=160.0)
2021-06-03 01:33:02.887  INFO 17384 --- [     parallel-1] reactor.Flux.Interval.1                  : onSubscribe(FluxInterval.IntervalRunnable)
2021-06-03 01:33:02.889  INFO 17384 --- [     parallel-1] reactor.Flux.Interval.1                  : request(1)
2021-06-03 01:33:03.896  INFO 17384 --- [     parallel-2] reactor.Flux.Interval.1                  : onNext(0)
2021-06-03 01:33:03.996  INFO 17384 --- [    Test worker] reactor.Flux.Interval.1                  : request(31)
2021-06-03 01:33:04.894  INFO 17384 --- [     parallel-2] reactor.Flux.Interval.1                  : onNext(1)
2021-06-03 01:33:05.895  INFO 17384 --- [     parallel-2] reactor.Flux.Interval.1                  : onNext(2)
2021-06-03 01:33:05.896  INFO 17384 --- [     parallel-2] reactor.Flux.Interval.1                  : cancel()
2021-06-03 01:33:05.917  INFO 17384 --- [     parallel-3] reactor.Mono.Just.2                      : | onSubscribe([Synchronous Fuseable] Operators.ScalarSubscription)
2021-06-03 01:33:05.917  INFO 17384 --- [     parallel-3] reactor.Mono.Just.2                      : | request(unbounded)
2021-06-03 01:33:05.918  INFO 17384 --- [     parallel-3] reactor.Mono.Just.2                      : | onNext(1)
2021-06-03 01:33:05.920  INFO 17384 --- [     parallel-3] reactor.Mono.Just.2                      : | onComplete()
2021-06-03 01:33:05.973  INFO 17384 --- [     parallel-4] reactor.Flux.Array.3                     : | onSubscribe([Synchronous Fuseable] FluxArray.ArraySubscription)
2021-06-03 01:33:05.973  INFO 17384 --- [     parallel-4] reactor.Flux.Array.3                     : | request(unbounded)
2021-06-03 01:33:05.973  INFO 17384 --- [     parallel-4] reactor.Flux.Array.3                     : | onNext(1)
2021-06-03 01:33:05.973  INFO 17384 --- [     parallel-4] reactor.Flux.Array.3                     : | onNext(2)
2021-06-03 01:33:05.973  INFO 17384 --- [     parallel-4] reactor.Flux.Array.3                     : | onNext(3)
2021-06-03 01:33:05.973  INFO 17384 --- [     parallel-4] reactor.Flux.Array.3                     : | onNext(4)
2021-06-03 01:33:05.973  INFO 17384 --- [     parallel-4] reactor.Flux.Array.3                     : | onComplete()
2021-06-03 01:33:05.991  INFO 17384 --- [     parallel-5] reactor.Flux.Array.4                     : | onSubscribe([Synchronous Fuseable] FluxArray.ArraySubscription)
2021-06-03 01:33:05.991  INFO 17384 --- [     parallel-5] reactor.Flux.Array.4                     : | request(unbounded)
2021-06-03 01:33:05.991  INFO 17384 --- [     parallel-5] reactor.Flux.Array.4                     : | onNext(1)
2021-06-03 01:33:05.991  INFO 17384 --- [     parallel-5] reactor.Flux.Array.4                     : | onNext(2)
2021-06-03 01:33:05.992  INFO 17384 --- [     parallel-5] reactor.Flux.Array.4                     : | onNext(3)
2021-06-03 01:33:05.992  INFO 17384 --- [     parallel-5] reactor.Flux.Array.4                     : | onNext(4)
2021-06-03 01:33:05.992  INFO 17384 --- [     parallel-5] reactor.Flux.Array.4                     : | onComplete()
2021-06-03 01:33:06.008  INFO 17384 --- [     parallel-6] reactor.Flux.Array.5                     : | onSubscribe([Synchronous Fuseable] FluxArray.ArraySubscription)
2021-06-03 01:33:06.008  INFO 17384 --- [     parallel-6] reactor.Flux.Array.5                     : | request(unbounded)
2021-06-03 01:33:06.008  INFO 17384 --- [     parallel-6] reactor.Flux.Array.5                     : | onNext(1)
2021-06-03 01:33:06.008  INFO 17384 --- [     parallel-6] reactor.Flux.Array.5                     : | onNext(2)
2021-06-03 01:33:06.009  INFO 17384 --- [     parallel-6] reactor.Flux.Array.5                     : | onNext(3)
2021-06-03 01:33:06.009  INFO 17384 --- [     parallel-6] reactor.Flux.Array.5                     : | onNext(4)
2021-06-03 01:33:06.009  INFO 17384 --- [     parallel-6] reactor.Flux.Array.5                     : | onComplete()
]]></system-out>
  <system-err><![CDATA[]]></system-err>
</testsuite>
