<?xml version="1.0" encoding="UTF-8"?>
<testsuite name="com.sumit.shingari.springreactivelearning.handler.SampleHandlerFunctionTest" tests="2" skipped="0" failures="0" errors="0" timestamp="2021-06-02T20:03:11" hostname="DESKTOP-9P4KMOG" time="0.042">
  <properties/>
  <testcase name="mono()" classname="com.sumit.shingari.springreactivelearning.handler.SampleHandlerFunctionTest" time="0.026"/>
  <testcase name="flux_approach1()" classname="com.sumit.shingari.springreactivelearning.handler.SampleHandlerFunctionTest" time="0.015"/>
  <system-out><![CDATA[2021-06-03 01:33:11.084  INFO 17384 --- [    Test worker] .b.t.c.SpringBootTestContextBootstrapper : Neither @ContextConfiguration nor @ContextHierarchy found for test class [com.sumit.shingari.springreactivelearning.handler.SampleHandlerFunctionTest], using SpringBootContextLoader
2021-06-03 01:33:11.086  INFO 17384 --- [    Test worker] o.s.t.c.support.AbstractContextLoader    : Could not detect default resource locations for test class [com.sumit.shingari.springreactivelearning.handler.SampleHandlerFunctionTest]: no resource found for suffixes {-context.xml, Context.groovy}.
2021-06-03 01:33:11.086  INFO 17384 --- [    Test worker] t.c.s.AnnotationConfigContextLoaderUtils : Could not detect default configuration classes for test class [com.sumit.shingari.springreactivelearning.handler.SampleHandlerFunctionTest]: SampleHandlerFunctionTest does not declare any static, non-private, non-final, nested classes annotated with @Configuration.
2021-06-03 01:33:11.100  INFO 17384 --- [    Test worker] .b.t.c.SpringBootTestContextBootstrapper : Found @SpringBootConfiguration com.sumit.shingari.springreactivelearning.SpringReactiveLearningApplication for test class com.sumit.shingari.springreactivelearning.handler.SampleHandlerFunctionTest
2021-06-03 01:33:11.104  INFO 17384 --- [    Test worker] .b.t.c.SpringBootTestContextBootstrapper : Loaded default TestExecutionListener class names from location [META-INF/spring.factories]: [org.springframework.boot.test.autoconfigure.restdocs.RestDocsTestExecutionListener, org.springframework.boot.test.autoconfigure.web.client.MockRestServiceServerResetTestExecutionListener, org.springframework.boot.test.autoconfigure.web.servlet.MockMvcPrintOnlyOnFailureTestExecutionListener, org.springframework.boot.test.autoconfigure.web.servlet.WebDriverTestExecutionListener, org.springframework.boot.test.autoconfigure.webservices.client.MockWebServiceServerTestExecutionListener, org.springframework.boot.test.mock.mockito.MockitoTestExecutionListener, org.springframework.boot.test.mock.mockito.ResetMocksTestExecutionListener, org.springframework.test.context.web.ServletTestExecutionListener, org.springframework.test.context.support.DirtiesContextBeforeModesTestExecutionListener, org.springframework.test.context.event.ApplicationEventsTestExecutionListener, org.springframework.test.context.support.DependencyInjectionTestExecutionListener, org.springframework.test.context.support.DirtiesContextTestExecutionListener, org.springframework.test.context.transaction.TransactionalTestExecutionListener, org.springframework.test.context.jdbc.SqlScriptsTestExecutionListener, org.springframework.test.context.event.EventPublishingTestExecutionListener]
2021-06-03 01:33:11.106  INFO 17384 --- [    Test worker] .b.t.c.SpringBootTestContextBootstrapper : Using TestExecutionListeners: [org.springframework.test.context.support.DirtiesContextBeforeModesTestExecutionListener@7a1cd263, org.springframework.test.context.event.ApplicationEventsTestExecutionListener@50e014cc, org.springframework.boot.test.mock.mockito.MockitoTestExecutionListener@36238eb4, org.springframework.boot.test.autoconfigure.SpringBootDependencyInjectionTestExecutionListener@4cf92d30, org.springframework.test.context.support.DirtiesContextTestExecutionListener@50ea6106, org.springframework.test.context.transaction.TransactionalTestExecutionListener@fc49a3, org.springframework.test.context.jdbc.SqlScriptsTestExecutionListener@2a802126, org.springframework.test.context.event.EventPublishingTestExecutionListener@2f9509eb, org.springframework.boot.test.autoconfigure.restdocs.RestDocsTestExecutionListener@2cf4bf4e, org.springframework.boot.test.autoconfigure.web.client.MockRestServiceServerResetTestExecutionListener@4e274a22, org.springframework.boot.test.autoconfigure.web.servlet.MockMvcPrintOnlyOnFailureTestExecutionListener@6505cbd1, org.springframework.boot.test.autoconfigure.web.servlet.WebDriverTestExecutionListener@62584ccb, org.springframework.boot.test.autoconfigure.webservices.client.MockWebServiceServerTestExecutionListener@6b5f9101, org.springframework.boot.test.mock.mockito.ResetMocksTestExecutionListener@1fdda012]
2021-06-03 01:33:11.130  INFO 17384 --- [     parallel-8] reactor.Mono.Just.7                      : | onSubscribe([Synchronous Fuseable] Operators.ScalarSubscription)
2021-06-03 01:33:11.130  INFO 17384 --- [     parallel-8] reactor.Mono.Just.7                      : | request(unbounded)
2021-06-03 01:33:11.130  INFO 17384 --- [     parallel-8] reactor.Mono.Just.7                      : | onNext(1)
2021-06-03 01:33:11.131  INFO 17384 --- [     parallel-8] reactor.Mono.Just.7                      : | onComplete()
2021-06-03 01:33:11.144  INFO 17384 --- [     parallel-1] reactor.Flux.Array.8                     : | onSubscribe([Synchronous Fuseable] FluxArray.ArraySubscription)
2021-06-03 01:33:11.144  INFO 17384 --- [     parallel-1] reactor.Flux.Array.8                     : | request(unbounded)
2021-06-03 01:33:11.144  INFO 17384 --- [     parallel-1] reactor.Flux.Array.8                     : | onNext(1)
2021-06-03 01:33:11.144  INFO 17384 --- [     parallel-1] reactor.Flux.Array.8                     : | onNext(2)
2021-06-03 01:33:11.144  INFO 17384 --- [     parallel-1] reactor.Flux.Array.8                     : | onNext(3)
2021-06-03 01:33:11.144  INFO 17384 --- [     parallel-1] reactor.Flux.Array.8                     : | onNext(4)
2021-06-03 01:33:11.144  INFO 17384 --- [     parallel-1] reactor.Flux.Array.8                     : | onComplete()
]]></system-out>
  <system-err><![CDATA[]]></system-err>
</testsuite>
